Arguments: 
  /usr/local/bin/node /usr/local/bin/yarnpkg install

PATH: 
  /Volumes/Untitled/Coding/React/node_modules/.bin:/Volumes/Untitled/Coding/node_modules/.bin:/Volumes/Untitled/node_modules/.bin:/Volumes/node_modules/.bin:/node_modules/.bin:/usr/local/lib/node_modules/npm/node_modules/@npmcli/run-script/lib/node-gyp-bin:/usr/local/bin:/Library/Frameworks/Python.framework/Versions/3.8/bin:/usr/local/bin:/usr/bin:/bin:/usr/sbin:/sbin:/Library/Apple/usr/bin:/Library/Frameworks/Mono.framework/Versions/Current/Commands:/Library/Frameworks/Python.framework/Versions/3.8/bin

Yarn version: 
  1.22.11

Node version: 
  12.18.3

Platform: 
  darwin x64

Trace: 
  Error: ENOENT: no such file or directory, lstat '/Volumes/Untitled/Coding/React/uber-eats-clone/node_modules/@expo/image-utils'

npm manifest: 
  {
    "dependencies": {
      "expo": "~42.0.0",
      "react": "16.13.1",
      "react-dom": "16.13.1",
      "react-native": "https://github.com/expo/react-native/archive/sdk-42.0.0.tar.gz",
      "react-native-web": "~0.13.12"
    },
    "devDependencies": {
      "@babel/core": "^7.9.0"
    },
    "scripts": {
      "start": "expo start",
      "android": "expo start --android",
      "ios": "expo start --ios",
      "web": "expo start --web",
      "eject": "expo eject"
    },
    "private": true
  }

yarn manifest: 
  No manifest

Lockfile: 
  No lockfile
